TN:
SF:data\testData.js
FNF:0
FNH:0
DA:1,1
DA:2,1
DA:3,1
DA:4,1
DA:5,1
DA:6,1
DA:7,1
DA:8,1
DA:9,1
DA:10,1
DA:11,1
DA:12,1
DA:13,1
DA:14,1
DA:15,1
DA:16,1
DA:17,1
DA:18,1
LF:18
LH:18
BRF:0
BRH:0
end_of_record
TN:
SF:src\apiService.js
FN:5,get
FN:10,post
FN:15,getAllUsers
FN:19,getUserById
FN:23,createUser
FN:27,createPost
FNF:6
FNH:6
FNDA:3,get
FNDA:2,post
FNDA:2,getAllUsers
FNDA:1,getUserById
FNDA:1,createUser
FNDA:1,createPost
DA:1,1
DA:2,1
DA:3,1
DA:4,1
DA:5,1
DA:6,3
DA:7,3
DA:8,3
DA:9,1
DA:10,1
DA:11,2
DA:12,2
DA:13,2
DA:14,1
DA:15,1
DA:16,2
DA:17,2
DA:18,1
DA:19,1
DA:20,1
DA:21,1
DA:22,1
DA:23,1
DA:24,1
DA:25,1
DA:26,1
DA:27,1
DA:28,1
DA:29,1
DA:30,1
DA:31,1
DA:32,1
LF:32
LH:32
BRDA:5,0,0,3
BRDA:10,1,0,2
BRDA:15,2,0,2
BRDA:19,3,0,1
BRDA:23,4,0,1
BRDA:27,5,0,1
BRF:6
BRH:6
end_of_record
TN:
SF:src\httpClient.js
FN:35,httpClient.interceptors.response.use.status.status
FNF:1
FNH:1
FNDA:5,httpClient.interceptors.response.use.status.status
DA:1,1
DA:2,1
DA:3,1
DA:4,1
DA:5,1
DA:6,1
DA:7,1
DA:8,1
DA:9,1
DA:10,1
DA:11,1
DA:12,1
DA:13,1
DA:14,5
DA:15,5
DA:16,5
DA:17,5
DA:18,5
DA:19,3
DA:20,3
DA:21,5
DA:22,5
DA:23,2
DA:24,2
DA:25,5
DA:26,5
DA:27,5
DA:28,1
DA:29,0
DA:30,0
DA:31,0
DA:32,1
DA:33,1
DA:34,1
DA:35,1
DA:36,5
DA:37,5
DA:38,5
DA:39,2
DA:40,5
DA:41,3
DA:42,3
DA:43,5
DA:44,5
DA:45,5
DA:46,1
DA:47,0
DA:48,0
DA:49,0
DA:50,0
DA:51,0
DA:52,0
DA:53,0
DA:54,0
DA:55,0
DA:56,0
DA:57,0
DA:58,0
DA:59,1
DA:60,1
DA:61,1
LF:61
LH:46
BRDA:13,0,0,5
BRDA:14,1,0,0
BRDA:16,2,0,0
BRDA:18,3,0,3
BRDA:22,4,0,2
BRDA:35,5,0,5
BRDA:38,6,0,2
BRDA:40,7,0,3
BRF:8
BRH:6
end_of_record
